<html>
<head>
<title>TestNG:  Test</title>
<link href="../testng.css" rel="stylesheet" type="text/css" />
<link href="../my-testng.css" rel="stylesheet" type="text/css" />

<style type="text/css">
.log { display: none;} 
.stack-trace { display: none;} 
</style>
<script type="text/javascript">
<!--
function flip(e) {
  current = e.style.display;
  if (current == 'block') {
    e.style.display = 'none';
    return 0;
  }
  else {
    e.style.display = 'block';
    return 1;
  }
}

function toggleBox(szDivId, elem, msg1, msg2)
{
  var res = -1;  if (document.getElementById) {
    res = flip(document.getElementById(szDivId));
  }
  else if (document.all) {
    // this is the way old msie versions work
    res = flip(document.all[szDivId]);
  }
  if(elem) {
    if(res == 0) elem.innerHTML = msg1; else elem.innerHTML = msg2;
  }

}

function toggleAllBoxes() {
  if (document.getElementsByTagName) {
    d = document.getElementsByTagName('div');
    for (i = 0; i < d.length; i++) {
      if (d[i].className == 'log') {
        flip(d[i]);
      }
    }
  }
}

// -->
</script>

</head>
<body>
<h2 align='center'>Test</h2><table border='1' align="center">
<tr>
<td>Tests passed/Failed/Skipped:</td><td>18/6/0</td>
</tr><tr>
<td>Started on:</td><td>Sat Jun 11 22:56:26 CEST 2022</td>
</tr>
<tr><td>Total time:</td><td>13 seconds (13153 ms)</td>
</tr><tr>
<td>Included groups:</td><td></td>
</tr><tr>
<td>Excluded groups:</td><td></td>
</tr>
</table><p/>
<small><i>(Hover the method name to see the test class name)</i></small><p/>
<table width='100%' border='1' class='invocation-failed'>
<tr><td colspan='4' align='center'><b>FAILED TESTS</b></td></tr>
<tr><td><b>Test method</b></td>
<td width="30%"><b>Exception</b></td>
<td width="10%"><b>Time (seconds)</b></td>
<td><b>Instance</b></td>
</tr>
<tr>
<td title='meri.kiran.vini.ASIAN_2023_Qualifier()'><b>ASIAN_2023_Qualifier</b><br>Test class: meri.kiran.vini<br>Parameters: Bishkek, Group F</td>
<td><div><pre>java.lang.AssertionError: expected [above Limit set for Bishkek,KG at  10 degree] but found [19.11]
	at objectRepo.reUsableMethods.chur(reUsableMethods.java:93)
	at meri.kiran.vini.ASIAN_2023_Qualifier(vini.java:96)
	at java.base/java.util.ArrayList.forEach(ArrayList.java:1511)
... Removed 32 stack frames</pre></div><a href='#' onClick='toggleBox("stack-trace1336437944", this, "Click to show all stack frames", "Click to hide stack frames")'>Click to show all stack frames</a>
<div class='stack-trace' id='stack-trace1336437944'><pre>java.lang.AssertionError: expected [above Limit set for Bishkek,KG at  10 degree] but found [19.11]
	at org.testng.Assert.fail(Assert.java:99)
	at org.testng.Assert.failNotEquals(Assert.java:1037)
	at org.testng.Assert.assertEqualsImpl(Assert.java:140)
	at org.testng.Assert.assertEquals(Assert.java:122)
	at org.testng.Assert.assertEquals(Assert.java:617)
	at objectRepo.reUsableMethods.chur(reUsableMethods.java:93)
	at meri.kiran.vini.ASIAN_2023_Qualifier(vini.java:96)
	at java.base/jdk.internal.reflect.NativeMethodAccessorImpl.invoke0(Native Method)
	at java.base/jdk.internal.reflect.NativeMethodAccessorImpl.invoke(NativeMethodAccessorImpl.java:78)
	at java.base/jdk.internal.reflect.DelegatingMethodAccessorImpl.invoke(DelegatingMethodAccessorImpl.java:43)
	at java.base/java.lang.reflect.Method.invoke(Method.java:567)
	at org.testng.internal.MethodInvocationHelper.invokeMethod(MethodInvocationHelper.java:133)
	at org.testng.internal.TestInvoker.invokeMethod(TestInvoker.java:598)
	at org.testng.internal.TestInvoker.invokeTestMethod(TestInvoker.java:173)
	at org.testng.internal.MethodRunner.runInSequence(MethodRunner.java:46)
	at org.testng.internal.TestInvoker$MethodInvocationAgent.invoke(TestInvoker.java:824)
	at org.testng.internal.TestInvoker.invokeTestMethods(TestInvoker.java:146)
	at org.testng.internal.TestMethodWorker.invokeTestMethods(TestMethodWorker.java:146)
	at org.testng.internal.TestMethodWorker.run(TestMethodWorker.java:128)
	at java.base/java.util.ArrayList.forEach(ArrayList.java:1511)
	at org.testng.TestRunner.privateRun(TestRunner.java:794)
	at org.testng.TestRunner.run(TestRunner.java:596)
	at org.testng.SuiteRunner.runTest(SuiteRunner.java:377)
	at org.testng.SuiteRunner.runSequentially(SuiteRunner.java:371)
	at org.testng.SuiteRunner.privateRun(SuiteRunner.java:332)
	at org.testng.SuiteRunner.run(SuiteRunner.java:276)
	at org.testng.SuiteRunnerWorker.runSuite(SuiteRunnerWorker.java:53)
	at org.testng.SuiteRunnerWorker.run(SuiteRunnerWorker.java:96)
	at org.testng.TestNG.runSuitesSequentially(TestNG.java:1212)
	at org.testng.TestNG.runSuitesLocally(TestNG.java:1134)
	at org.testng.TestNG.runSuites(TestNG.java:1063)
	at org.testng.TestNG.run(TestNG.java:1031)
	at org.testng.remote.AbstractRemoteTestNG.run(AbstractRemoteTestNG.java:115)
	at org.testng.remote.RemoteTestNG.initAndRun(RemoteTestNG.java:251)
	at org.testng.remote.RemoteTestNG.main(RemoteTestNG.java:77)
</pre></div></td>
<td>0</td>
<td>meri.kiran.vini@54bff557</td></tr>
<tr>
<td title='meri.kiran.vini.ASIAN_2023_Qualifier()'><b>ASIAN_2023_Qualifier</b><br>Test class: meri.kiran.vini<br>Parameters: Kolkata, Group D</td>
<td><div><pre>java.lang.AssertionError: expected [above Limit set for Kolkata,IN at  10 degree] but found [28.97]
	at objectRepo.reUsableMethods.chur(reUsableMethods.java:93)
	at meri.kiran.vini.ASIAN_2023_Qualifier(vini.java:96)
	at java.base/java.util.ArrayList.forEach(ArrayList.java:1511)
... Removed 32 stack frames</pre></div><a href='#' onClick='toggleBox("stack-trace1591063329", this, "Click to show all stack frames", "Click to hide stack frames")'>Click to show all stack frames</a>
<div class='stack-trace' id='stack-trace1591063329'><pre>java.lang.AssertionError: expected [above Limit set for Kolkata,IN at  10 degree] but found [28.97]
	at org.testng.Assert.fail(Assert.java:99)
	at org.testng.Assert.failNotEquals(Assert.java:1037)
	at org.testng.Assert.assertEqualsImpl(Assert.java:140)
	at org.testng.Assert.assertEquals(Assert.java:122)
	at org.testng.Assert.assertEquals(Assert.java:617)
	at objectRepo.reUsableMethods.chur(reUsableMethods.java:93)
	at meri.kiran.vini.ASIAN_2023_Qualifier(vini.java:96)
	at java.base/jdk.internal.reflect.NativeMethodAccessorImpl.invoke0(Native Method)
	at java.base/jdk.internal.reflect.NativeMethodAccessorImpl.invoke(NativeMethodAccessorImpl.java:78)
	at java.base/jdk.internal.reflect.DelegatingMethodAccessorImpl.invoke(DelegatingMethodAccessorImpl.java:43)
	at java.base/java.lang.reflect.Method.invoke(Method.java:567)
	at org.testng.internal.MethodInvocationHelper.invokeMethod(MethodInvocationHelper.java:133)
	at org.testng.internal.TestInvoker.invokeMethod(TestInvoker.java:598)
	at org.testng.internal.TestInvoker.invokeTestMethod(TestInvoker.java:173)
	at org.testng.internal.MethodRunner.runInSequence(MethodRunner.java:46)
	at org.testng.internal.TestInvoker$MethodInvocationAgent.invoke(TestInvoker.java:824)
	at org.testng.internal.TestInvoker.invokeTestMethods(TestInvoker.java:146)
	at org.testng.internal.TestMethodWorker.invokeTestMethods(TestMethodWorker.java:146)
	at org.testng.internal.TestMethodWorker.run(TestMethodWorker.java:128)
	at java.base/java.util.ArrayList.forEach(ArrayList.java:1511)
	at org.testng.TestRunner.privateRun(TestRunner.java:794)
	at org.testng.TestRunner.run(TestRunner.java:596)
	at org.testng.SuiteRunner.runTest(SuiteRunner.java:377)
	at org.testng.SuiteRunner.runSequentially(SuiteRunner.java:371)
	at org.testng.SuiteRunner.privateRun(SuiteRunner.java:332)
	at org.testng.SuiteRunner.run(SuiteRunner.java:276)
	at org.testng.SuiteRunnerWorker.runSuite(SuiteRunnerWorker.java:53)
	at org.testng.SuiteRunnerWorker.run(SuiteRunnerWorker.java:96)
	at org.testng.TestNG.runSuitesSequentially(TestNG.java:1212)
	at org.testng.TestNG.runSuitesLocally(TestNG.java:1134)
	at org.testng.TestNG.runSuites(TestNG.java:1063)
	at org.testng.TestNG.run(TestNG.java:1031)
	at org.testng.remote.AbstractRemoteTestNG.run(AbstractRemoteTestNG.java:115)
	at org.testng.remote.RemoteTestNG.initAndRun(RemoteTestNG.java:251)
	at org.testng.remote.RemoteTestNG.main(RemoteTestNG.java:77)
</pre></div></td>
<td>0</td>
<td>meri.kiran.vini@54bff557</td></tr>
<tr>
<td title='meri.kiran.vini.ASIAN_2023_Qualifier()'><b>ASIAN_2023_Qualifier</b><br>Test class: meri.kiran.vini<br>Parameters: Kuwait City, Group A</td>
<td><div><pre>java.lang.AssertionError: expected [above Limit set for Kuwait City,KW at  10 degree] but found [35.57]
	at objectRepo.reUsableMethods.chur(reUsableMethods.java:93)
	at meri.kiran.vini.ASIAN_2023_Qualifier(vini.java:96)
	at java.base/java.util.ArrayList.forEach(ArrayList.java:1511)
... Removed 32 stack frames</pre></div><a href='#' onClick='toggleBox("stack-trace989896315", this, "Click to show all stack frames", "Click to hide stack frames")'>Click to show all stack frames</a>
<div class='stack-trace' id='stack-trace989896315'><pre>java.lang.AssertionError: expected [above Limit set for Kuwait City,KW at  10 degree] but found [35.57]
	at org.testng.Assert.fail(Assert.java:99)
	at org.testng.Assert.failNotEquals(Assert.java:1037)
	at org.testng.Assert.assertEqualsImpl(Assert.java:140)
	at org.testng.Assert.assertEquals(Assert.java:122)
	at org.testng.Assert.assertEquals(Assert.java:617)
	at objectRepo.reUsableMethods.chur(reUsableMethods.java:93)
	at meri.kiran.vini.ASIAN_2023_Qualifier(vini.java:96)
	at java.base/jdk.internal.reflect.NativeMethodAccessorImpl.invoke0(Native Method)
	at java.base/jdk.internal.reflect.NativeMethodAccessorImpl.invoke(NativeMethodAccessorImpl.java:78)
	at java.base/jdk.internal.reflect.DelegatingMethodAccessorImpl.invoke(DelegatingMethodAccessorImpl.java:43)
	at java.base/java.lang.reflect.Method.invoke(Method.java:567)
	at org.testng.internal.MethodInvocationHelper.invokeMethod(MethodInvocationHelper.java:133)
	at org.testng.internal.TestInvoker.invokeMethod(TestInvoker.java:598)
	at org.testng.internal.TestInvoker.invokeTestMethod(TestInvoker.java:173)
	at org.testng.internal.MethodRunner.runInSequence(MethodRunner.java:46)
	at org.testng.internal.TestInvoker$MethodInvocationAgent.invoke(TestInvoker.java:824)
	at org.testng.internal.TestInvoker.invokeTestMethods(TestInvoker.java:146)
	at org.testng.internal.TestMethodWorker.invokeTestMethods(TestMethodWorker.java:146)
	at org.testng.internal.TestMethodWorker.run(TestMethodWorker.java:128)
	at java.base/java.util.ArrayList.forEach(ArrayList.java:1511)
	at org.testng.TestRunner.privateRun(TestRunner.java:794)
	at org.testng.TestRunner.run(TestRunner.java:596)
	at org.testng.SuiteRunner.runTest(SuiteRunner.java:377)
	at org.testng.SuiteRunner.runSequentially(SuiteRunner.java:371)
	at org.testng.SuiteRunner.privateRun(SuiteRunner.java:332)
	at org.testng.SuiteRunner.run(SuiteRunner.java:276)
	at org.testng.SuiteRunnerWorker.runSuite(SuiteRunnerWorker.java:53)
	at org.testng.SuiteRunnerWorker.run(SuiteRunnerWorker.java:96)
	at org.testng.TestNG.runSuitesSequentially(TestNG.java:1212)
	at org.testng.TestNG.runSuitesLocally(TestNG.java:1134)
	at org.testng.TestNG.runSuites(TestNG.java:1063)
	at org.testng.TestNG.run(TestNG.java:1031)
	at org.testng.remote.AbstractRemoteTestNG.run(AbstractRemoteTestNG.java:115)
	at org.testng.remote.RemoteTestNG.initAndRun(RemoteTestNG.java:251)
	at org.testng.remote.RemoteTestNG.main(RemoteTestNG.java:77)
</pre></div></td>
<td>3</td>
<td>meri.kiran.vini@54bff557</td></tr>
<tr>
<td title='meri.kiran.vini.ASIAN_2023_Qualifier()'><b>ASIAN_2023_Qualifier</b><br>Test class: meri.kiran.vini<br>Parameters: Namangan, Group C</td>
<td><div><pre>java.lang.AssertionError: expected [above Limit set for Namangan,UZ at  10 degree] but found [26.25]
	at objectRepo.reUsableMethods.chur(reUsableMethods.java:93)
	at meri.kiran.vini.ASIAN_2023_Qualifier(vini.java:96)
	at java.base/java.util.ArrayList.forEach(ArrayList.java:1511)
... Removed 32 stack frames</pre></div><a href='#' onClick='toggleBox("stack-trace1707458318", this, "Click to show all stack frames", "Click to hide stack frames")'>Click to show all stack frames</a>
<div class='stack-trace' id='stack-trace1707458318'><pre>java.lang.AssertionError: expected [above Limit set for Namangan,UZ at  10 degree] but found [26.25]
	at org.testng.Assert.fail(Assert.java:99)
	at org.testng.Assert.failNotEquals(Assert.java:1037)
	at org.testng.Assert.assertEqualsImpl(Assert.java:140)
	at org.testng.Assert.assertEquals(Assert.java:122)
	at org.testng.Assert.assertEquals(Assert.java:617)
	at objectRepo.reUsableMethods.chur(reUsableMethods.java:93)
	at meri.kiran.vini.ASIAN_2023_Qualifier(vini.java:96)
	at java.base/jdk.internal.reflect.NativeMethodAccessorImpl.invoke0(Native Method)
	at java.base/jdk.internal.reflect.NativeMethodAccessorImpl.invoke(NativeMethodAccessorImpl.java:78)
	at java.base/jdk.internal.reflect.DelegatingMethodAccessorImpl.invoke(DelegatingMethodAccessorImpl.java:43)
	at java.base/java.lang.reflect.Method.invoke(Method.java:567)
	at org.testng.internal.MethodInvocationHelper.invokeMethod(MethodInvocationHelper.java:133)
	at org.testng.internal.TestInvoker.invokeMethod(TestInvoker.java:598)
	at org.testng.internal.TestInvoker.invokeTestMethod(TestInvoker.java:173)
	at org.testng.internal.MethodRunner.runInSequence(MethodRunner.java:46)
	at org.testng.internal.TestInvoker$MethodInvocationAgent.invoke(TestInvoker.java:824)
	at org.testng.internal.TestInvoker.invokeTestMethods(TestInvoker.java:146)
	at org.testng.internal.TestMethodWorker.invokeTestMethods(TestMethodWorker.java:146)
	at org.testng.internal.TestMethodWorker.run(TestMethodWorker.java:128)
	at java.base/java.util.ArrayList.forEach(ArrayList.java:1511)
	at org.testng.TestRunner.privateRun(TestRunner.java:794)
	at org.testng.TestRunner.run(TestRunner.java:596)
	at org.testng.SuiteRunner.runTest(SuiteRunner.java:377)
	at org.testng.SuiteRunner.runSequentially(SuiteRunner.java:371)
	at org.testng.SuiteRunner.privateRun(SuiteRunner.java:332)
	at org.testng.SuiteRunner.run(SuiteRunner.java:276)
	at org.testng.SuiteRunnerWorker.runSuite(SuiteRunnerWorker.java:53)
	at org.testng.SuiteRunnerWorker.run(SuiteRunnerWorker.java:96)
	at org.testng.TestNG.runSuitesSequentially(TestNG.java:1212)
	at org.testng.TestNG.runSuitesLocally(TestNG.java:1134)
	at org.testng.TestNG.runSuites(TestNG.java:1063)
	at org.testng.TestNG.run(TestNG.java:1031)
	at org.testng.remote.AbstractRemoteTestNG.run(AbstractRemoteTestNG.java:115)
	at org.testng.remote.RemoteTestNG.initAndRun(RemoteTestNG.java:251)
	at org.testng.remote.RemoteTestNG.main(RemoteTestNG.java:77)
</pre></div></td>
<td>0</td>
<td>meri.kiran.vini@54bff557</td></tr>
<tr>
<td title='meri.kiran.vini.ASIAN_2023_Qualifier()'><b>ASIAN_2023_Qualifier</b><br>Test class: meri.kiran.vini<br>Parameters: kuala lumpur, Group E</td>
<td><div><pre>java.lang.AssertionError: expected [above Limit set for Kuala Lumpur,MY at  10 degree] but found [22.67]
	at objectRepo.reUsableMethods.chur(reUsableMethods.java:93)
	at meri.kiran.vini.ASIAN_2023_Qualifier(vini.java:96)
	at java.base/java.util.ArrayList.forEach(ArrayList.java:1511)
... Removed 32 stack frames</pre></div><a href='#' onClick='toggleBox("stack-trace185544081", this, "Click to show all stack frames", "Click to hide stack frames")'>Click to show all stack frames</a>
<div class='stack-trace' id='stack-trace185544081'><pre>java.lang.AssertionError: expected [above Limit set for Kuala Lumpur,MY at  10 degree] but found [22.67]
	at org.testng.Assert.fail(Assert.java:99)
	at org.testng.Assert.failNotEquals(Assert.java:1037)
	at org.testng.Assert.assertEqualsImpl(Assert.java:140)
	at org.testng.Assert.assertEquals(Assert.java:122)
	at org.testng.Assert.assertEquals(Assert.java:617)
	at objectRepo.reUsableMethods.chur(reUsableMethods.java:93)
	at meri.kiran.vini.ASIAN_2023_Qualifier(vini.java:96)
	at java.base/jdk.internal.reflect.NativeMethodAccessorImpl.invoke0(Native Method)
	at java.base/jdk.internal.reflect.NativeMethodAccessorImpl.invoke(NativeMethodAccessorImpl.java:78)
	at java.base/jdk.internal.reflect.DelegatingMethodAccessorImpl.invoke(DelegatingMethodAccessorImpl.java:43)
	at java.base/java.lang.reflect.Method.invoke(Method.java:567)
	at org.testng.internal.MethodInvocationHelper.invokeMethod(MethodInvocationHelper.java:133)
	at org.testng.internal.TestInvoker.invokeMethod(TestInvoker.java:598)
	at org.testng.internal.TestInvoker.invokeTestMethod(TestInvoker.java:173)
	at org.testng.internal.MethodRunner.runInSequence(MethodRunner.java:46)
	at org.testng.internal.TestInvoker$MethodInvocationAgent.invoke(TestInvoker.java:824)
	at org.testng.internal.TestInvoker.invokeTestMethods(TestInvoker.java:146)
	at org.testng.internal.TestMethodWorker.invokeTestMethods(TestMethodWorker.java:146)
	at org.testng.internal.TestMethodWorker.run(TestMethodWorker.java:128)
	at java.base/java.util.ArrayList.forEach(ArrayList.java:1511)
	at org.testng.TestRunner.privateRun(TestRunner.java:794)
	at org.testng.TestRunner.run(TestRunner.java:596)
	at org.testng.SuiteRunner.runTest(SuiteRunner.java:377)
	at org.testng.SuiteRunner.runSequentially(SuiteRunner.java:371)
	at org.testng.SuiteRunner.privateRun(SuiteRunner.java:332)
	at org.testng.SuiteRunner.run(SuiteRunner.java:276)
	at org.testng.SuiteRunnerWorker.runSuite(SuiteRunnerWorker.java:53)
	at org.testng.SuiteRunnerWorker.run(SuiteRunnerWorker.java:96)
	at org.testng.TestNG.runSuitesSequentially(TestNG.java:1212)
	at org.testng.TestNG.runSuitesLocally(TestNG.java:1134)
	at org.testng.TestNG.runSuites(TestNG.java:1063)
	at org.testng.TestNG.run(TestNG.java:1031)
	at org.testng.remote.AbstractRemoteTestNG.run(AbstractRemoteTestNG.java:115)
	at org.testng.remote.RemoteTestNG.initAndRun(RemoteTestNG.java:251)
	at org.testng.remote.RemoteTestNG.main(RemoteTestNG.java:77)
</pre></div></td>
<td>0</td>
<td>meri.kiran.vini@54bff557</td></tr>
<tr>
<td title='meri.kiran.vini.ASIAN_2023_Qualifier()'><b>ASIAN_2023_Qualifier</b><br>Test class: meri.kiran.vini<br>Parameters: Ulaanbaatar, Group B</td>
<td><div><pre>java.lang.AssertionError: expected [above Limit set for Ulaanbaatar,MN at  10 degree] but found [10.07]
	at objectRepo.reUsableMethods.chur(reUsableMethods.java:93)
	at meri.kiran.vini.ASIAN_2023_Qualifier(vini.java:96)
	at java.base/java.util.ArrayList.forEach(ArrayList.java:1511)
... Removed 32 stack frames</pre></div><a href='#' onClick='toggleBox("stack-trace1762731246", this, "Click to show all stack frames", "Click to hide stack frames")'>Click to show all stack frames</a>
<div class='stack-trace' id='stack-trace1762731246'><pre>java.lang.AssertionError: expected [above Limit set for Ulaanbaatar,MN at  10 degree] but found [10.07]
	at org.testng.Assert.fail(Assert.java:99)
	at org.testng.Assert.failNotEquals(Assert.java:1037)
	at org.testng.Assert.assertEqualsImpl(Assert.java:140)
	at org.testng.Assert.assertEquals(Assert.java:122)
	at org.testng.Assert.assertEquals(Assert.java:617)
	at objectRepo.reUsableMethods.chur(reUsableMethods.java:93)
	at meri.kiran.vini.ASIAN_2023_Qualifier(vini.java:96)
	at java.base/jdk.internal.reflect.NativeMethodAccessorImpl.invoke0(Native Method)
	at java.base/jdk.internal.reflect.NativeMethodAccessorImpl.invoke(NativeMethodAccessorImpl.java:78)
	at java.base/jdk.internal.reflect.DelegatingMethodAccessorImpl.invoke(DelegatingMethodAccessorImpl.java:43)
	at java.base/java.lang.reflect.Method.invoke(Method.java:567)
	at org.testng.internal.MethodInvocationHelper.invokeMethod(MethodInvocationHelper.java:133)
	at org.testng.internal.TestInvoker.invokeMethod(TestInvoker.java:598)
	at org.testng.internal.TestInvoker.invokeTestMethod(TestInvoker.java:173)
	at org.testng.internal.MethodRunner.runInSequence(MethodRunner.java:46)
	at org.testng.internal.TestInvoker$MethodInvocationAgent.invoke(TestInvoker.java:824)
	at org.testng.internal.TestInvoker.invokeTestMethods(TestInvoker.java:146)
	at org.testng.internal.TestMethodWorker.invokeTestMethods(TestMethodWorker.java:146)
	at org.testng.internal.TestMethodWorker.run(TestMethodWorker.java:128)
	at java.base/java.util.ArrayList.forEach(ArrayList.java:1511)
	at org.testng.TestRunner.privateRun(TestRunner.java:794)
	at org.testng.TestRunner.run(TestRunner.java:596)
	at org.testng.SuiteRunner.runTest(SuiteRunner.java:377)
	at org.testng.SuiteRunner.runSequentially(SuiteRunner.java:371)
	at org.testng.SuiteRunner.privateRun(SuiteRunner.java:332)
	at org.testng.SuiteRunner.run(SuiteRunner.java:276)
	at org.testng.SuiteRunnerWorker.runSuite(SuiteRunnerWorker.java:53)
	at org.testng.SuiteRunnerWorker.run(SuiteRunnerWorker.java:96)
	at org.testng.TestNG.runSuitesSequentially(TestNG.java:1212)
	at org.testng.TestNG.runSuitesLocally(TestNG.java:1134)
	at org.testng.TestNG.runSuites(TestNG.java:1063)
	at org.testng.TestNG.run(TestNG.java:1031)
	at org.testng.remote.AbstractRemoteTestNG.run(AbstractRemoteTestNG.java:115)
	at org.testng.remote.RemoteTestNG.initAndRun(RemoteTestNG.java:251)
	at org.testng.remote.RemoteTestNG.main(RemoteTestNG.java:77)
</pre></div></td>
<td>0</td>
<td>meri.kiran.vini@54bff557</td></tr>
</table><p>
<table width='100%' border='1' class='invocation-passed'>
<tr><td colspan='4' align='center'><b>PASSED TESTS</b></td></tr>
<tr><td><b>Test method</b></td>
<td width="30%"><b>Exception</b></td>
<td width="10%"><b>Time (seconds)</b></td>
<td><b>Instance</b></td>
</tr>
<tr>
<td title='meri.kiran.vini.dataProbhiderAPI()'><b>dataProbhiderAPI</b><br>Test class: meri.kiran.vini<br>Parameters: Dusseldorf, UCL</td>
<td></td>
<td>0</td>
<td>meri.kiran.vini@54bff557</td></tr>
<tr>
<td title='meri.kiran.vini.dataProbhiderAPI()'><b>dataProbhiderAPI</b><br>Test class: meri.kiran.vini<br>Parameters: Braunschweig, UCL</td>
<td></td>
<td>0</td>
<td>meri.kiran.vini@54bff557</td></tr>
<tr>
<td title='meri.kiran.vini.dataProbhiderAPI()'><b>dataProbhiderAPI</b><br>Test class: meri.kiran.vini<br>Parameters: Magdeburg, UCL</td>
<td></td>
<td>0</td>
<td>meri.kiran.vini@54bff557</td></tr>
<tr>
<td title='meri.kiran.vini.dataProbhiderAPI()'><b>dataProbhiderAPI</b><br>Test class: meri.kiran.vini<br>Parameters: Karlsruhe, UCL</td>
<td></td>
<td>0</td>
<td>meri.kiran.vini@54bff557</td></tr>
<tr>
<td title='meri.kiran.vini.dataProbhiderAPI()'><b>dataProbhiderAPI</b><br>Test class: meri.kiran.vini<br>Parameters: Hamburg, EuropaLeague</td>
<td></td>
<td>0</td>
<td>meri.kiran.vini@54bff557</td></tr>
<tr>
<td title='meri.kiran.vini.dataProbhiderAPI()'><b>dataProbhiderAPI</b><br>Test class: meri.kiran.vini<br>Parameters: kaiserslautern, UCL</td>
<td></td>
<td>0</td>
<td>meri.kiran.vini@54bff557</td></tr>
<tr>
<td title='meri.kiran.vini.dataProbhiderAPI()'><b>dataProbhiderAPI</b><br>Test class: meri.kiran.vini<br>Parameters: Kiel, EuropaLeague</td>
<td></td>
<td>0</td>
<td>meri.kiran.vini@54bff557</td></tr>
<tr>
<td title='meri.kiran.vini.dataProbhiderAPI()'><b>dataProbhiderAPI</b><br>Test class: meri.kiran.vini<br>Parameters: Rostock, EuropaLeague</td>
<td></td>
<td>0</td>
<td>meri.kiran.vini@54bff557</td></tr>
<tr>
<td title='meri.kiran.vini.dataProbhiderAPI()'><b>dataProbhiderAPI</b><br>Test class: meri.kiran.vini<br>Parameters: Hannover, EuropaLeague</td>
<td></td>
<td>0</td>
<td>meri.kiran.vini@54bff557</td></tr>
<tr>
<td title='meri.kiran.vini.dataProbhiderAPI()'><b>dataProbhiderAPI</b><br>Test class: meri.kiran.vini<br>Parameters: Furth, UCL</td>
<td></td>
<td>0</td>
<td>meri.kiran.vini@54bff557</td></tr>
<tr>
<td title='meri.kiran.vini.dataProbhiderAPI()'><b>dataProbhiderAPI</b><br>Test class: meri.kiran.vini<br>Parameters: Bielefeld, EuropaLeague</td>
<td></td>
<td>0</td>
<td>meri.kiran.vini@54bff557</td></tr>
<tr>
<td title='meri.kiran.vini.dataProbhiderAPI()'><b>dataProbhiderAPI</b><br>Test class: meri.kiran.vini<br>Parameters: Paderborn, EuropaLeague</td>
<td></td>
<td>0</td>
<td>meri.kiran.vini@54bff557</td></tr>
<tr>
<td title='meri.kiran.vini.dataProbhiderAPI()'><b>dataProbhiderAPI</b><br>Test class: meri.kiran.vini<br>Parameters: Nuremberg, EuropaLeague</td>
<td></td>
<td>0</td>
<td>meri.kiran.vini@54bff557</td></tr>
<tr>
<td title='meri.kiran.vini.dataProbhiderAPI()'><b>dataProbhiderAPI</b><br>Test class: meri.kiran.vini<br>Parameters: Sandhausen, UCL</td>
<td></td>
<td>0</td>
<td>meri.kiran.vini@54bff557</td></tr>
<tr>
<td title='meri.kiran.vini.dataProbhiderAPI()'><b>dataProbhiderAPI</b><br>Test class: meri.kiran.vini<br>Parameters: St. Pauli, UCL</td>
<td></td>
<td>0</td>
<td>meri.kiran.vini@54bff557</td></tr>
<tr>
<td title='meri.kiran.vini.dataProbhiderAPI()'><b>dataProbhiderAPI</b><br>Test class: meri.kiran.vini<br>Parameters: Regensburg, EuropaLeague</td>
<td></td>
<td>0</td>
<td>meri.kiran.vini@54bff557</td></tr>
<tr>
<td title='meri.kiran.vini.dataProbhiderAPI()'><b>dataProbhiderAPI</b><br>Test class: meri.kiran.vini<br>Parameters: Heidenheim, EuropaLeague</td>
<td></td>
<td>0</td>
<td>meri.kiran.vini@54bff557</td></tr>
<tr>
<td title='meri.kiran.vini.dataProbhiderAPI()'><b>dataProbhiderAPI</b><br>Test class: meri.kiran.vini<br>Parameters: Darmstadt, UCL</td>
<td></td>
<td>0</td>
<td>meri.kiran.vini@54bff557</td></tr>
</table><p>
</body>
</html>