<?xml version="1.0" encoding="UTF-8"?>
<testng-results ignored="0" total="24" passed="18" failed="6" skipped="0">
  <reporter-output>
  </reporter-output>
  <suite started-at="2022-06-11T22:56:26 CEST" name="Suite" finished-at="2022-06-11T22:56:39 CEST" duration-ms="13153">
    <groups>
    </groups>
    <test started-at="2022-06-11T22:56:26 CEST" name="Test" finished-at="2022-06-11T22:56:39 CEST" duration-ms="13153">
      <class name="meri.kiran.vini">
        <test-method signature="ASIAN_2023_Qualifier(java.lang.String,java.lang.String)[pri:0, instance:meri.kiran.vini@54bff557]" started-at="2022-06-11T22:56:26 CEST" name="ASIAN_2023_Qualifier" data-provider="getData" finished-at="2022-06-11T22:56:30 CEST" duration-ms="3244" status="FAIL">
          <params>
            <param index="0">
              <value>
                <![CDATA[Kuwait City]]>
              </value>
            </param>
            <param index="1">
              <value>
                <![CDATA[Group A]]>
              </value>
            </param>
          </params>
          <exception class="java.lang.AssertionError">
            <message>
              <![CDATA[expected [above Limit set for Kuwait City,KW at  10 degree] but found [35.57]]]>
            </message>
            <full-stacktrace>
              <![CDATA[java.lang.AssertionError: expected [above Limit set for Kuwait City,KW at  10 degree] but found [35.57]
at org.testng.Assert.fail(Assert.java:99)
at org.testng.Assert.failNotEquals(Assert.java:1037)
at org.testng.Assert.assertEqualsImpl(Assert.java:140)
at org.testng.Assert.assertEquals(Assert.java:122)
at org.testng.Assert.assertEquals(Assert.java:617)
at objectRepo.reUsableMethods.chur(reUsableMethods.java:93)
at meri.kiran.vini.ASIAN_2023_Qualifier(vini.java:96)
at java.base/jdk.internal.reflect.NativeMethodAccessorImpl.invoke0(Native Method)
at java.base/jdk.internal.reflect.NativeMethodAccessorImpl.invoke(NativeMethodAccessorImpl.java:78)
at java.base/jdk.internal.reflect.DelegatingMethodAccessorImpl.invoke(DelegatingMethodAccessorImpl.java:43)
at java.base/java.lang.reflect.Method.invoke(Method.java:567)
at org.testng.internal.MethodInvocationHelper.invokeMethod(MethodInvocationHelper.java:133)
at org.testng.internal.TestInvoker.invokeMethod(TestInvoker.java:598)
at org.testng.internal.TestInvoker.invokeTestMethod(TestInvoker.java:173)
at org.testng.internal.MethodRunner.runInSequence(MethodRunner.java:46)
at org.testng.internal.TestInvoker$MethodInvocationAgent.invoke(TestInvoker.java:824)
at org.testng.internal.TestInvoker.invokeTestMethods(TestInvoker.java:146)
at org.testng.internal.TestMethodWorker.invokeTestMethods(TestMethodWorker.java:146)
at org.testng.internal.TestMethodWorker.run(TestMethodWorker.java:128)
at java.base/java.util.ArrayList.forEach(ArrayList.java:1511)
at org.testng.TestRunner.privateRun(TestRunner.java:794)
at org.testng.TestRunner.run(TestRunner.java:596)
at org.testng.SuiteRunner.runTest(SuiteRunner.java:377)
at org.testng.SuiteRunner.runSequentially(SuiteRunner.java:371)
at org.testng.SuiteRunner.privateRun(SuiteRunner.java:332)
at org.testng.SuiteRunner.run(SuiteRunner.java:276)
at org.testng.SuiteRunnerWorker.runSuite(SuiteRunnerWorker.java:53)
at org.testng.SuiteRunnerWorker.run(SuiteRunnerWorker.java:96)
at org.testng.TestNG.runSuitesSequentially(TestNG.java:1212)
at org.testng.TestNG.runSuitesLocally(TestNG.java:1134)
at org.testng.TestNG.runSuites(TestNG.java:1063)
at org.testng.TestNG.run(TestNG.java:1031)
at org.testng.remote.AbstractRemoteTestNG.run(AbstractRemoteTestNG.java:115)
at org.testng.remote.RemoteTestNG.initAndRun(RemoteTestNG.java:251)
at org.testng.remote.RemoteTestNG.main(RemoteTestNG.java:77)
]]>
            </full-stacktrace>
          </exception> <!-- java.lang.AssertionError -->
          <reporter-output>
          </reporter-output>
        </test-method> <!-- ASIAN_2023_Qualifier -->
        <test-method signature="ASIAN_2023_Qualifier(java.lang.String,java.lang.String)[pri:0, instance:meri.kiran.vini@54bff557]" started-at="2022-06-11T22:56:30 CEST" name="ASIAN_2023_Qualifier" data-provider="getData" finished-at="2022-06-11T22:56:30 CEST" duration-ms="549" status="FAIL">
          <params>
            <param index="0">
              <value>
                <![CDATA[Ulaanbaatar]]>
              </value>
            </param>
            <param index="1">
              <value>
                <![CDATA[Group B]]>
              </value>
            </param>
          </params>
          <exception class="java.lang.AssertionError">
            <message>
              <![CDATA[expected [above Limit set for Ulaanbaatar,MN at  10 degree] but found [10.07]]]>
            </message>
            <full-stacktrace>
              <![CDATA[java.lang.AssertionError: expected [above Limit set for Ulaanbaatar,MN at  10 degree] but found [10.07]
at org.testng.Assert.fail(Assert.java:99)
at org.testng.Assert.failNotEquals(Assert.java:1037)
at org.testng.Assert.assertEqualsImpl(Assert.java:140)
at org.testng.Assert.assertEquals(Assert.java:122)
at org.testng.Assert.assertEquals(Assert.java:617)
at objectRepo.reUsableMethods.chur(reUsableMethods.java:93)
at meri.kiran.vini.ASIAN_2023_Qualifier(vini.java:96)
at java.base/jdk.internal.reflect.NativeMethodAccessorImpl.invoke0(Native Method)
at java.base/jdk.internal.reflect.NativeMethodAccessorImpl.invoke(NativeMethodAccessorImpl.java:78)
at java.base/jdk.internal.reflect.DelegatingMethodAccessorImpl.invoke(DelegatingMethodAccessorImpl.java:43)
at java.base/java.lang.reflect.Method.invoke(Method.java:567)
at org.testng.internal.MethodInvocationHelper.invokeMethod(MethodInvocationHelper.java:133)
at org.testng.internal.TestInvoker.invokeMethod(TestInvoker.java:598)
at org.testng.internal.TestInvoker.invokeTestMethod(TestInvoker.java:173)
at org.testng.internal.MethodRunner.runInSequence(MethodRunner.java:46)
at org.testng.internal.TestInvoker$MethodInvocationAgent.invoke(TestInvoker.java:824)
at org.testng.internal.TestInvoker.invokeTestMethods(TestInvoker.java:146)
at org.testng.internal.TestMethodWorker.invokeTestMethods(TestMethodWorker.java:146)
at org.testng.internal.TestMethodWorker.run(TestMethodWorker.java:128)
at java.base/java.util.ArrayList.forEach(ArrayList.java:1511)
at org.testng.TestRunner.privateRun(TestRunner.java:794)
at org.testng.TestRunner.run(TestRunner.java:596)
at org.testng.SuiteRunner.runTest(SuiteRunner.java:377)
at org.testng.SuiteRunner.runSequentially(SuiteRunner.java:371)
at org.testng.SuiteRunner.privateRun(SuiteRunner.java:332)
at org.testng.SuiteRunner.run(SuiteRunner.java:276)
at org.testng.SuiteRunnerWorker.runSuite(SuiteRunnerWorker.java:53)
at org.testng.SuiteRunnerWorker.run(SuiteRunnerWorker.java:96)
at org.testng.TestNG.runSuitesSequentially(TestNG.java:1212)
at org.testng.TestNG.runSuitesLocally(TestNG.java:1134)
at org.testng.TestNG.runSuites(TestNG.java:1063)
at org.testng.TestNG.run(TestNG.java:1031)
at org.testng.remote.AbstractRemoteTestNG.run(AbstractRemoteTestNG.java:115)
at org.testng.remote.RemoteTestNG.initAndRun(RemoteTestNG.java:251)
at org.testng.remote.RemoteTestNG.main(RemoteTestNG.java:77)
]]>
            </full-stacktrace>
          </exception> <!-- java.lang.AssertionError -->
          <reporter-output>
          </reporter-output>
        </test-method> <!-- ASIAN_2023_Qualifier -->
        <test-method signature="ASIAN_2023_Qualifier(java.lang.String,java.lang.String)[pri:0, instance:meri.kiran.vini@54bff557]" started-at="2022-06-11T22:56:30 CEST" name="ASIAN_2023_Qualifier" data-provider="getData" finished-at="2022-06-11T22:56:31 CEST" duration-ms="457" status="FAIL">
          <params>
            <param index="0">
              <value>
                <![CDATA[Namangan]]>
              </value>
            </param>
            <param index="1">
              <value>
                <![CDATA[Group C]]>
              </value>
            </param>
          </params>
          <exception class="java.lang.AssertionError">
            <message>
              <![CDATA[expected [above Limit set for Namangan,UZ at  10 degree] but found [26.25]]]>
            </message>
            <full-stacktrace>
              <![CDATA[java.lang.AssertionError: expected [above Limit set for Namangan,UZ at  10 degree] but found [26.25]
at org.testng.Assert.fail(Assert.java:99)
at org.testng.Assert.failNotEquals(Assert.java:1037)
at org.testng.Assert.assertEqualsImpl(Assert.java:140)
at org.testng.Assert.assertEquals(Assert.java:122)
at org.testng.Assert.assertEquals(Assert.java:617)
at objectRepo.reUsableMethods.chur(reUsableMethods.java:93)
at meri.kiran.vini.ASIAN_2023_Qualifier(vini.java:96)
at java.base/jdk.internal.reflect.NativeMethodAccessorImpl.invoke0(Native Method)
at java.base/jdk.internal.reflect.NativeMethodAccessorImpl.invoke(NativeMethodAccessorImpl.java:78)
at java.base/jdk.internal.reflect.DelegatingMethodAccessorImpl.invoke(DelegatingMethodAccessorImpl.java:43)
at java.base/java.lang.reflect.Method.invoke(Method.java:567)
at org.testng.internal.MethodInvocationHelper.invokeMethod(MethodInvocationHelper.java:133)
at org.testng.internal.TestInvoker.invokeMethod(TestInvoker.java:598)
at org.testng.internal.TestInvoker.invokeTestMethod(TestInvoker.java:173)
at org.testng.internal.MethodRunner.runInSequence(MethodRunner.java:46)
at org.testng.internal.TestInvoker$MethodInvocationAgent.invoke(TestInvoker.java:824)
at org.testng.internal.TestInvoker.invokeTestMethods(TestInvoker.java:146)
at org.testng.internal.TestMethodWorker.invokeTestMethods(TestMethodWorker.java:146)
at org.testng.internal.TestMethodWorker.run(TestMethodWorker.java:128)
at java.base/java.util.ArrayList.forEach(ArrayList.java:1511)
at org.testng.TestRunner.privateRun(TestRunner.java:794)
at org.testng.TestRunner.run(TestRunner.java:596)
at org.testng.SuiteRunner.runTest(SuiteRunner.java:377)
at org.testng.SuiteRunner.runSequentially(SuiteRunner.java:371)
at org.testng.SuiteRunner.privateRun(SuiteRunner.java:332)
at org.testng.SuiteRunner.run(SuiteRunner.java:276)
at org.testng.SuiteRunnerWorker.runSuite(SuiteRunnerWorker.java:53)
at org.testng.SuiteRunnerWorker.run(SuiteRunnerWorker.java:96)
at org.testng.TestNG.runSuitesSequentially(TestNG.java:1212)
at org.testng.TestNG.runSuitesLocally(TestNG.java:1134)
at org.testng.TestNG.runSuites(TestNG.java:1063)
at org.testng.TestNG.run(TestNG.java:1031)
at org.testng.remote.AbstractRemoteTestNG.run(AbstractRemoteTestNG.java:115)
at org.testng.remote.RemoteTestNG.initAndRun(RemoteTestNG.java:251)
at org.testng.remote.RemoteTestNG.main(RemoteTestNG.java:77)
]]>
            </full-stacktrace>
          </exception> <!-- java.lang.AssertionError -->
          <reporter-output>
          </reporter-output>
        </test-method> <!-- ASIAN_2023_Qualifier -->
        <test-method signature="ASIAN_2023_Qualifier(java.lang.String,java.lang.String)[pri:0, instance:meri.kiran.vini@54bff557]" started-at="2022-06-11T22:56:31 CEST" name="ASIAN_2023_Qualifier" data-provider="getData" finished-at="2022-06-11T22:56:31 CEST" duration-ms="458" status="FAIL">
          <params>
            <param index="0">
              <value>
                <![CDATA[Kolkata]]>
              </value>
            </param>
            <param index="1">
              <value>
                <![CDATA[Group D]]>
              </value>
            </param>
          </params>
          <exception class="java.lang.AssertionError">
            <message>
              <![CDATA[expected [above Limit set for Kolkata,IN at  10 degree] but found [28.97]]]>
            </message>
            <full-stacktrace>
              <![CDATA[java.lang.AssertionError: expected [above Limit set for Kolkata,IN at  10 degree] but found [28.97]
at org.testng.Assert.fail(Assert.java:99)
at org.testng.Assert.failNotEquals(Assert.java:1037)
at org.testng.Assert.assertEqualsImpl(Assert.java:140)
at org.testng.Assert.assertEquals(Assert.java:122)
at org.testng.Assert.assertEquals(Assert.java:617)
at objectRepo.reUsableMethods.chur(reUsableMethods.java:93)
at meri.kiran.vini.ASIAN_2023_Qualifier(vini.java:96)
at java.base/jdk.internal.reflect.NativeMethodAccessorImpl.invoke0(Native Method)
at java.base/jdk.internal.reflect.NativeMethodAccessorImpl.invoke(NativeMethodAccessorImpl.java:78)
at java.base/jdk.internal.reflect.DelegatingMethodAccessorImpl.invoke(DelegatingMethodAccessorImpl.java:43)
at java.base/java.lang.reflect.Method.invoke(Method.java:567)
at org.testng.internal.MethodInvocationHelper.invokeMethod(MethodInvocationHelper.java:133)
at org.testng.internal.TestInvoker.invokeMethod(TestInvoker.java:598)
at org.testng.internal.TestInvoker.invokeTestMethod(TestInvoker.java:173)
at org.testng.internal.MethodRunner.runInSequence(MethodRunner.java:46)
at org.testng.internal.TestInvoker$MethodInvocationAgent.invoke(TestInvoker.java:824)
at org.testng.internal.TestInvoker.invokeTestMethods(TestInvoker.java:146)
at org.testng.internal.TestMethodWorker.invokeTestMethods(TestMethodWorker.java:146)
at org.testng.internal.TestMethodWorker.run(TestMethodWorker.java:128)
at java.base/java.util.ArrayList.forEach(ArrayList.java:1511)
at org.testng.TestRunner.privateRun(TestRunner.java:794)
at org.testng.TestRunner.run(TestRunner.java:596)
at org.testng.SuiteRunner.runTest(SuiteRunner.java:377)
at org.testng.SuiteRunner.runSequentially(SuiteRunner.java:371)
at org.testng.SuiteRunner.privateRun(SuiteRunner.java:332)
at org.testng.SuiteRunner.run(SuiteRunner.java:276)
at org.testng.SuiteRunnerWorker.runSuite(SuiteRunnerWorker.java:53)
at org.testng.SuiteRunnerWorker.run(SuiteRunnerWorker.java:96)
at org.testng.TestNG.runSuitesSequentially(TestNG.java:1212)
at org.testng.TestNG.runSuitesLocally(TestNG.java:1134)
at org.testng.TestNG.runSuites(TestNG.java:1063)
at org.testng.TestNG.run(TestNG.java:1031)
at org.testng.remote.AbstractRemoteTestNG.run(AbstractRemoteTestNG.java:115)
at org.testng.remote.RemoteTestNG.initAndRun(RemoteTestNG.java:251)
at org.testng.remote.RemoteTestNG.main(RemoteTestNG.java:77)
]]>
            </full-stacktrace>
          </exception> <!-- java.lang.AssertionError -->
          <reporter-output>
          </reporter-output>
        </test-method> <!-- ASIAN_2023_Qualifier -->
        <test-method signature="ASIAN_2023_Qualifier(java.lang.String,java.lang.String)[pri:0, instance:meri.kiran.vini@54bff557]" started-at="2022-06-11T22:56:31 CEST" name="ASIAN_2023_Qualifier" data-provider="getData" finished-at="2022-06-11T22:56:31 CEST" duration-ms="449" status="FAIL">
          <params>
            <param index="0">
              <value>
                <![CDATA[kuala lumpur]]>
              </value>
            </param>
            <param index="1">
              <value>
                <![CDATA[Group E]]>
              </value>
            </param>
          </params>
          <exception class="java.lang.AssertionError">
            <message>
              <![CDATA[expected [above Limit set for Kuala Lumpur,MY at  10 degree] but found [22.67]]]>
            </message>
            <full-stacktrace>
              <![CDATA[java.lang.AssertionError: expected [above Limit set for Kuala Lumpur,MY at  10 degree] but found [22.67]
at org.testng.Assert.fail(Assert.java:99)
at org.testng.Assert.failNotEquals(Assert.java:1037)
at org.testng.Assert.assertEqualsImpl(Assert.java:140)
at org.testng.Assert.assertEquals(Assert.java:122)
at org.testng.Assert.assertEquals(Assert.java:617)
at objectRepo.reUsableMethods.chur(reUsableMethods.java:93)
at meri.kiran.vini.ASIAN_2023_Qualifier(vini.java:96)
at java.base/jdk.internal.reflect.NativeMethodAccessorImpl.invoke0(Native Method)
at java.base/jdk.internal.reflect.NativeMethodAccessorImpl.invoke(NativeMethodAccessorImpl.java:78)
at java.base/jdk.internal.reflect.DelegatingMethodAccessorImpl.invoke(DelegatingMethodAccessorImpl.java:43)
at java.base/java.lang.reflect.Method.invoke(Method.java:567)
at org.testng.internal.MethodInvocationHelper.invokeMethod(MethodInvocationHelper.java:133)
at org.testng.internal.TestInvoker.invokeMethod(TestInvoker.java:598)
at org.testng.internal.TestInvoker.invokeTestMethod(TestInvoker.java:173)
at org.testng.internal.MethodRunner.runInSequence(MethodRunner.java:46)
at org.testng.internal.TestInvoker$MethodInvocationAgent.invoke(TestInvoker.java:824)
at org.testng.internal.TestInvoker.invokeTestMethods(TestInvoker.java:146)
at org.testng.internal.TestMethodWorker.invokeTestMethods(TestMethodWorker.java:146)
at org.testng.internal.TestMethodWorker.run(TestMethodWorker.java:128)
at java.base/java.util.ArrayList.forEach(ArrayList.java:1511)
at org.testng.TestRunner.privateRun(TestRunner.java:794)
at org.testng.TestRunner.run(TestRunner.java:596)
at org.testng.SuiteRunner.runTest(SuiteRunner.java:377)
at org.testng.SuiteRunner.runSequentially(SuiteRunner.java:371)
at org.testng.SuiteRunner.privateRun(SuiteRunner.java:332)
at org.testng.SuiteRunner.run(SuiteRunner.java:276)
at org.testng.SuiteRunnerWorker.runSuite(SuiteRunnerWorker.java:53)
at org.testng.SuiteRunnerWorker.run(SuiteRunnerWorker.java:96)
at org.testng.TestNG.runSuitesSequentially(TestNG.java:1212)
at org.testng.TestNG.runSuitesLocally(TestNG.java:1134)
at org.testng.TestNG.runSuites(TestNG.java:1063)
at org.testng.TestNG.run(TestNG.java:1031)
at org.testng.remote.AbstractRemoteTestNG.run(AbstractRemoteTestNG.java:115)
at org.testng.remote.RemoteTestNG.initAndRun(RemoteTestNG.java:251)
at org.testng.remote.RemoteTestNG.main(RemoteTestNG.java:77)
]]>
            </full-stacktrace>
          </exception> <!-- java.lang.AssertionError -->
          <reporter-output>
          </reporter-output>
        </test-method> <!-- ASIAN_2023_Qualifier -->
        <test-method signature="ASIAN_2023_Qualifier(java.lang.String,java.lang.String)[pri:0, instance:meri.kiran.vini@54bff557]" started-at="2022-06-11T22:56:31 CEST" name="ASIAN_2023_Qualifier" data-provider="getData" finished-at="2022-06-11T22:56:32 CEST" duration-ms="453" status="FAIL">
          <params>
            <param index="0">
              <value>
                <![CDATA[Bishkek]]>
              </value>
            </param>
            <param index="1">
              <value>
                <![CDATA[Group F]]>
              </value>
            </param>
          </params>
          <exception class="java.lang.AssertionError">
            <message>
              <![CDATA[expected [above Limit set for Bishkek,KG at  10 degree] but found [19.11]]]>
            </message>
            <full-stacktrace>
              <![CDATA[java.lang.AssertionError: expected [above Limit set for Bishkek,KG at  10 degree] but found [19.11]
at org.testng.Assert.fail(Assert.java:99)
at org.testng.Assert.failNotEquals(Assert.java:1037)
at org.testng.Assert.assertEqualsImpl(Assert.java:140)
at org.testng.Assert.assertEquals(Assert.java:122)
at org.testng.Assert.assertEquals(Assert.java:617)
at objectRepo.reUsableMethods.chur(reUsableMethods.java:93)
at meri.kiran.vini.ASIAN_2023_Qualifier(vini.java:96)
at java.base/jdk.internal.reflect.NativeMethodAccessorImpl.invoke0(Native Method)
at java.base/jdk.internal.reflect.NativeMethodAccessorImpl.invoke(NativeMethodAccessorImpl.java:78)
at java.base/jdk.internal.reflect.DelegatingMethodAccessorImpl.invoke(DelegatingMethodAccessorImpl.java:43)
at java.base/java.lang.reflect.Method.invoke(Method.java:567)
at org.testng.internal.MethodInvocationHelper.invokeMethod(MethodInvocationHelper.java:133)
at org.testng.internal.TestInvoker.invokeMethod(TestInvoker.java:598)
at org.testng.internal.TestInvoker.invokeTestMethod(TestInvoker.java:173)
at org.testng.internal.MethodRunner.runInSequence(MethodRunner.java:46)
at org.testng.internal.TestInvoker$MethodInvocationAgent.invoke(TestInvoker.java:824)
at org.testng.internal.TestInvoker.invokeTestMethods(TestInvoker.java:146)
at org.testng.internal.TestMethodWorker.invokeTestMethods(TestMethodWorker.java:146)
at org.testng.internal.TestMethodWorker.run(TestMethodWorker.java:128)
at java.base/java.util.ArrayList.forEach(ArrayList.java:1511)
at org.testng.TestRunner.privateRun(TestRunner.java:794)
at org.testng.TestRunner.run(TestRunner.java:596)
at org.testng.SuiteRunner.runTest(SuiteRunner.java:377)
at org.testng.SuiteRunner.runSequentially(SuiteRunner.java:371)
at org.testng.SuiteRunner.privateRun(SuiteRunner.java:332)
at org.testng.SuiteRunner.run(SuiteRunner.java:276)
at org.testng.SuiteRunnerWorker.runSuite(SuiteRunnerWorker.java:53)
at org.testng.SuiteRunnerWorker.run(SuiteRunnerWorker.java:96)
at org.testng.TestNG.runSuitesSequentially(TestNG.java:1212)
at org.testng.TestNG.runSuitesLocally(TestNG.java:1134)
at org.testng.TestNG.runSuites(TestNG.java:1063)
at org.testng.TestNG.run(TestNG.java:1031)
at org.testng.remote.AbstractRemoteTestNG.run(AbstractRemoteTestNG.java:115)
at org.testng.remote.RemoteTestNG.initAndRun(RemoteTestNG.java:251)
at org.testng.remote.RemoteTestNG.main(RemoteTestNG.java:77)
]]>
            </full-stacktrace>
          </exception> <!-- java.lang.AssertionError -->
          <reporter-output>
          </reporter-output>
        </test-method> <!-- ASIAN_2023_Qualifier -->
        <test-method signature="dataProbhiderAPI(java.lang.String,java.lang.String)[pri:0, instance:meri.kiran.vini@54bff557]" started-at="2022-06-11T22:56:32 CEST" name="dataProbhiderAPI" data-provider="ZweiteLiga" finished-at="2022-06-11T22:56:32 CEST" duration-ms="380" status="PASS">
          <params>
            <param index="0">
              <value>
                <![CDATA[Kiel]]>
              </value>
            </param>
            <param index="1">
              <value>
                <![CDATA[EuropaLeague]]>
              </value>
            </param>
          </params>
          <reporter-output>
          </reporter-output>
        </test-method> <!-- dataProbhiderAPI -->
        <test-method signature="dataProbhiderAPI(java.lang.String,java.lang.String)[pri:0, instance:meri.kiran.vini@54bff557]" started-at="2022-06-11T22:56:32 CEST" name="dataProbhiderAPI" data-provider="ZweiteLiga" finished-at="2022-06-11T22:56:33 CEST" duration-ms="384" status="PASS">
          <params>
            <param index="0">
              <value>
                <![CDATA[Rostock]]>
              </value>
            </param>
            <param index="1">
              <value>
                <![CDATA[EuropaLeague]]>
              </value>
            </param>
          </params>
          <reporter-output>
          </reporter-output>
        </test-method> <!-- dataProbhiderAPI -->
        <test-method signature="dataProbhiderAPI(java.lang.String,java.lang.String)[pri:0, instance:meri.kiran.vini@54bff557]" started-at="2022-06-11T22:56:33 CEST" name="dataProbhiderAPI" data-provider="ZweiteLiga" finished-at="2022-06-11T22:56:33 CEST" duration-ms="359" status="PASS">
          <params>
            <param index="0">
              <value>
                <![CDATA[Hamburg]]>
              </value>
            </param>
            <param index="1">
              <value>
                <![CDATA[EuropaLeague]]>
              </value>
            </param>
          </params>
          <reporter-output>
          </reporter-output>
        </test-method> <!-- dataProbhiderAPI -->
        <test-method signature="dataProbhiderAPI(java.lang.String,java.lang.String)[pri:0, instance:meri.kiran.vini@54bff557]" started-at="2022-06-11T22:56:33 CEST" name="dataProbhiderAPI" data-provider="ZweiteLiga" finished-at="2022-06-11T22:56:34 CEST" duration-ms="512" status="PASS">
          <params>
            <param index="0">
              <value>
                <![CDATA[St. Pauli]]>
              </value>
            </param>
            <param index="1">
              <value>
                <![CDATA[UCL]]>
              </value>
            </param>
          </params>
          <reporter-output>
          </reporter-output>
        </test-method> <!-- dataProbhiderAPI -->
        <test-method signature="dataProbhiderAPI(java.lang.String,java.lang.String)[pri:0, instance:meri.kiran.vini@54bff557]" started-at="2022-06-11T22:56:34 CEST" name="dataProbhiderAPI" data-provider="ZweiteLiga" finished-at="2022-06-11T22:56:34 CEST" duration-ms="349" status="PASS">
          <params>
            <param index="0">
              <value>
                <![CDATA[Magdeburg]]>
              </value>
            </param>
            <param index="1">
              <value>
                <![CDATA[UCL]]>
              </value>
            </param>
          </params>
          <reporter-output>
          </reporter-output>
        </test-method> <!-- dataProbhiderAPI -->
        <test-method signature="dataProbhiderAPI(java.lang.String,java.lang.String)[pri:0, instance:meri.kiran.vini@54bff557]" started-at="2022-06-11T22:56:34 CEST" name="dataProbhiderAPI" data-provider="ZweiteLiga" finished-at="2022-06-11T22:56:34 CEST" duration-ms="337" status="PASS">
          <params>
            <param index="0">
              <value>
                <![CDATA[Furth]]>
              </value>
            </param>
            <param index="1">
              <value>
                <![CDATA[UCL]]>
              </value>
            </param>
          </params>
          <reporter-output>
          </reporter-output>
        </test-method> <!-- dataProbhiderAPI -->
        <test-method signature="dataProbhiderAPI(java.lang.String,java.lang.String)[pri:0, instance:meri.kiran.vini@54bff557]" started-at="2022-06-11T22:56:34 CEST" name="dataProbhiderAPI" data-provider="ZweiteLiga" finished-at="2022-06-11T22:56:35 CEST" duration-ms="393" status="PASS">
          <params>
            <param index="0">
              <value>
                <![CDATA[Nuremberg]]>
              </value>
            </param>
            <param index="1">
              <value>
                <![CDATA[EuropaLeague]]>
              </value>
            </param>
          </params>
          <reporter-output>
          </reporter-output>
        </test-method> <!-- dataProbhiderAPI -->
        <test-method signature="dataProbhiderAPI(java.lang.String,java.lang.String)[pri:0, instance:meri.kiran.vini@54bff557]" started-at="2022-06-11T22:56:35 CEST" name="dataProbhiderAPI" data-provider="ZweiteLiga" finished-at="2022-06-11T22:56:35 CEST" duration-ms="462" status="PASS">
          <params>
            <param index="0">
              <value>
                <![CDATA[Regensburg]]>
              </value>
            </param>
            <param index="1">
              <value>
                <![CDATA[EuropaLeague]]>
              </value>
            </param>
          </params>
          <reporter-output>
          </reporter-output>
        </test-method> <!-- dataProbhiderAPI -->
        <test-method signature="dataProbhiderAPI(java.lang.String,java.lang.String)[pri:0, instance:meri.kiran.vini@54bff557]" started-at="2022-06-11T22:56:35 CEST" name="dataProbhiderAPI" data-provider="ZweiteLiga" finished-at="2022-06-11T22:56:36 CEST" duration-ms="410" status="PASS">
          <params>
            <param index="0">
              <value>
                <![CDATA[Heidenheim]]>
              </value>
            </param>
            <param index="1">
              <value>
                <![CDATA[EuropaLeague]]>
              </value>
            </param>
          </params>
          <reporter-output>
          </reporter-output>
        </test-method> <!-- dataProbhiderAPI -->
        <test-method signature="dataProbhiderAPI(java.lang.String,java.lang.String)[pri:0, instance:meri.kiran.vini@54bff557]" started-at="2022-06-11T22:56:36 CEST" name="dataProbhiderAPI" data-provider="ZweiteLiga" finished-at="2022-06-11T22:56:36 CEST" duration-ms="447" status="PASS">
          <params>
            <param index="0">
              <value>
                <![CDATA[Sandhausen]]>
              </value>
            </param>
            <param index="1">
              <value>
                <![CDATA[UCL]]>
              </value>
            </param>
          </params>
          <reporter-output>
          </reporter-output>
        </test-method> <!-- dataProbhiderAPI -->
        <test-method signature="dataProbhiderAPI(java.lang.String,java.lang.String)[pri:0, instance:meri.kiran.vini@54bff557]" started-at="2022-06-11T22:56:36 CEST" name="dataProbhiderAPI" data-provider="ZweiteLiga" finished-at="2022-06-11T22:56:36 CEST" duration-ms="339" status="PASS">
          <params>
            <param index="0">
              <value>
                <![CDATA[Karlsruhe]]>
              </value>
            </param>
            <param index="1">
              <value>
                <![CDATA[UCL]]>
              </value>
            </param>
          </params>
          <reporter-output>
          </reporter-output>
        </test-method> <!-- dataProbhiderAPI -->
        <test-method signature="dataProbhiderAPI(java.lang.String,java.lang.String)[pri:0, instance:meri.kiran.vini@54bff557]" started-at="2022-06-11T22:56:36 CEST" name="dataProbhiderAPI" data-provider="ZweiteLiga" finished-at="2022-06-11T22:56:37 CEST" duration-ms="356" status="PASS">
          <params>
            <param index="0">
              <value>
                <![CDATA[kaiserslautern]]>
              </value>
            </param>
            <param index="1">
              <value>
                <![CDATA[UCL]]>
              </value>
            </param>
          </params>
          <reporter-output>
          </reporter-output>
        </test-method> <!-- dataProbhiderAPI -->
        <test-method signature="dataProbhiderAPI(java.lang.String,java.lang.String)[pri:0, instance:meri.kiran.vini@54bff557]" started-at="2022-06-11T22:56:37 CEST" name="dataProbhiderAPI" data-provider="ZweiteLiga" finished-at="2022-06-11T22:56:37 CEST" duration-ms="346" status="PASS">
          <params>
            <param index="0">
              <value>
                <![CDATA[Darmstadt]]>
              </value>
            </param>
            <param index="1">
              <value>
                <![CDATA[UCL]]>
              </value>
            </param>
          </params>
          <reporter-output>
          </reporter-output>
        </test-method> <!-- dataProbhiderAPI -->
        <test-method signature="dataProbhiderAPI(java.lang.String,java.lang.String)[pri:0, instance:meri.kiran.vini@54bff557]" started-at="2022-06-11T22:56:37 CEST" name="dataProbhiderAPI" data-provider="ZweiteLiga" finished-at="2022-06-11T22:56:37 CEST" duration-ms="473" status="PASS">
          <params>
            <param index="0">
              <value>
                <![CDATA[Dusseldorf]]>
              </value>
            </param>
            <param index="1">
              <value>
                <![CDATA[UCL]]>
              </value>
            </param>
          </params>
          <reporter-output>
          </reporter-output>
        </test-method> <!-- dataProbhiderAPI -->
        <test-method signature="dataProbhiderAPI(java.lang.String,java.lang.String)[pri:0, instance:meri.kiran.vini@54bff557]" started-at="2022-06-11T22:56:37 CEST" name="dataProbhiderAPI" data-provider="ZweiteLiga" finished-at="2022-06-11T22:56:38 CEST" duration-ms="532" status="PASS">
          <params>
            <param index="0">
              <value>
                <![CDATA[Paderborn]]>
              </value>
            </param>
            <param index="1">
              <value>
                <![CDATA[EuropaLeague]]>
              </value>
            </param>
          </params>
          <reporter-output>
          </reporter-output>
        </test-method> <!-- dataProbhiderAPI -->
        <test-method signature="dataProbhiderAPI(java.lang.String,java.lang.String)[pri:0, instance:meri.kiran.vini@54bff557]" started-at="2022-06-11T22:56:38 CEST" name="dataProbhiderAPI" data-provider="ZweiteLiga" finished-at="2022-06-11T22:56:39 CEST" duration-ms="651" status="PASS">
          <params>
            <param index="0">
              <value>
                <![CDATA[Bielefeld]]>
              </value>
            </param>
            <param index="1">
              <value>
                <![CDATA[EuropaLeague]]>
              </value>
            </param>
          </params>
          <reporter-output>
          </reporter-output>
        </test-method> <!-- dataProbhiderAPI -->
        <test-method signature="dataProbhiderAPI(java.lang.String,java.lang.String)[pri:0, instance:meri.kiran.vini@54bff557]" started-at="2022-06-11T22:56:39 CEST" name="dataProbhiderAPI" data-provider="ZweiteLiga" finished-at="2022-06-11T22:56:39 CEST" duration-ms="434" status="PASS">
          <params>
            <param index="0">
              <value>
                <![CDATA[Hannover]]>
              </value>
            </param>
            <param index="1">
              <value>
                <![CDATA[EuropaLeague]]>
              </value>
            </param>
          </params>
          <reporter-output>
          </reporter-output>
        </test-method> <!-- dataProbhiderAPI -->
        <test-method signature="dataProbhiderAPI(java.lang.String,java.lang.String)[pri:0, instance:meri.kiran.vini@54bff557]" started-at="2022-06-11T22:56:39 CEST" name="dataProbhiderAPI" data-provider="ZweiteLiga" finished-at="2022-06-11T22:56:39 CEST" duration-ms="313" status="PASS">
          <params>
            <param index="0">
              <value>
                <![CDATA[Braunschweig]]>
              </value>
            </param>
            <param index="1">
              <value>
                <![CDATA[UCL]]>
              </value>
            </param>
          </params>
          <reporter-output>
          </reporter-output>
        </test-method> <!-- dataProbhiderAPI -->
      </class> <!-- meri.kiran.vini -->
    </test> <!-- Test -->
  </suite> <!-- Suite -->
</testng-results>
